e:\catch up projects\entityx\ecs_example\debug\vc140.pdb
e:\catch up projects\entityx\ecs_example\debug\vc140.idb
e:\catch up projects\entityx\ecs_example\debug\position.obj
e:\catch up projects\entityx\ecs_example\debug\tank.obj
e:\catch up projects\entityx\ecs_example\debug\turret.obj
e:\catch up projects\entityx\ecs_example\debug\volume.obj
e:\catch up projects\entityx\ecs_example\debug\wall.obj
e:\catch up projects\entityx\ecs_example\debug\entitycreator.obj
e:\catch up projects\entityx\ecs_example\debug\game.obj
e:\catch up projects\entityx\ecs_example\debug\gamemanager.obj
e:\catch up projects\entityx\ecs_example\debug\keyhandler.obj
e:\catch up projects\entityx\ecs_example\debug\main.obj
e:\catch up projects\entityx\ecs_example\debug\resourcepath.obj
e:\catch up projects\entityx\ecs_example\debug\screensize.obj
e:\catch up projects\entityx\ecs_example\debug\aicontrolsystem.obj
e:\catch up projects\entityx\ecs_example\debug\levelsystem.obj
e:\catch up projects\entityx\ecs_example\debug\movementsystem.obj
e:\catch up projects\entityx\ecs_example\debug\playercontrolsystem.obj
e:\catch up projects\entityx\ecs_example\debug\rendersystem.obj
e:\catch up projects\entityx\ecs_example\debug\btmath.obj
e:\catch up projects\entityx\ecs_example\debug\collisionbox.obj
e:\catch up projects\entityx\ecs_example\debug\levelloader.obj
e:\catch up projects\entityx\ecs_example\debug\tankai.obj
e:\catch up projects\entityx\ecs_example\debug\ai.obj
e:\catch up projects\entityx\ecs_example\debug\background.obj
e:\catch up projects\entityx\ecs_example\debug\display.obj
e:\catch up projects\entityx\ecs_example\debug\motion.obj
e:\catch up projects\entityx\ecs_example\debug\parent.obj
e:\catch up projects\entityx\ecs_example\debug\playercontrol.obj
c:\users\c00205464\desktop\catch up projects\entityx\ecs_example\debug\vc140.pdb
c:\users\c00205464\desktop\catch up projects\entityx\ecs_example\debug\vc140.idb
c:\users\c00205464\desktop\catch up projects\entityx\ecs_example\debug\tank.obj
c:\users\c00205464\desktop\catch up projects\entityx\ecs_example\debug\turret.obj
c:\users\c00205464\desktop\catch up projects\entityx\ecs_example\debug\volume.obj
c:\users\c00205464\desktop\catch up projects\entityx\ecs_example\debug\wall.obj
c:\users\c00205464\desktop\catch up projects\entityx\ecs_example\debug\entitycreator.obj
c:\users\c00205464\desktop\catch up projects\entityx\ecs_example\debug\game.obj
c:\users\c00205464\desktop\catch up projects\entityx\ecs_example\debug\gamemanager.obj
c:\users\c00205464\desktop\catch up projects\entityx\ecs_example\debug\keyhandler.obj
c:\users\c00205464\desktop\catch up projects\entityx\ecs_example\debug\main.obj
c:\users\c00205464\desktop\catch up projects\entityx\ecs_example\debug\pathpoint.obj
c:\users\c00205464\desktop\catch up projects\entityx\ecs_example\debug\resourcepath.obj
c:\users\c00205464\desktop\catch up projects\entityx\ecs_example\debug\screensize.obj
c:\users\c00205464\desktop\catch up projects\entityx\ecs_example\debug\aicontrolsystem.obj
c:\users\c00205464\desktop\catch up projects\entityx\ecs_example\debug\levelsystem.obj
c:\users\c00205464\desktop\catch up projects\entityx\ecs_example\debug\movementsystem.obj
c:\users\c00205464\desktop\catch up projects\entityx\ecs_example\debug\playercontrolsystem.obj
c:\users\c00205464\desktop\catch up projects\entityx\ecs_example\debug\rendersystem.obj
c:\users\c00205464\desktop\catch up projects\entityx\ecs_example\debug\btmath.obj
c:\users\c00205464\desktop\catch up projects\entityx\ecs_example\debug\collisionbox.obj
c:\users\c00205464\desktop\catch up projects\entityx\ecs_example\debug\levelloader.obj
c:\users\c00205464\desktop\catch up projects\entityx\ecs_example\debug\tankai.obj
c:\users\c00205464\desktop\catch up projects\entityx\ecs_example\debug\ai.obj
c:\users\c00205464\desktop\catch up projects\entityx\ecs_example\debug\background.obj
c:\users\c00205464\desktop\catch up projects\entityx\ecs_example\debug\display.obj
c:\users\c00205464\desktop\catch up projects\entityx\ecs_example\debug\motion.obj
c:\users\c00205464\desktop\catch up projects\entityx\ecs_example\debug\parent.obj
c:\users\c00205464\desktop\catch up projects\entityx\ecs_example\debug\playercontrol.obj
c:\users\c00205464\desktop\catch up projects\entityx\ecs_example\debug\position.obj
c:\users\c00205464\desktop\catch up projects\entityx\ecs_example\debug\ecs_example.pdb
c:\users\c00205464\desktop\catch up projects\entityx\ecs_example\debug\ecs_example.tlog\cl.command.1.tlog
c:\users\c00205464\desktop\catch up projects\entityx\ecs_example\debug\ecs_example.tlog\cl.read.1.tlog
c:\users\c00205464\desktop\catch up projects\entityx\ecs_example\debug\ecs_example.tlog\cl.write.1.tlog
c:\users\c00205464\desktop\catch up projects\entityx\ecs_example\debug\ecs_example.tlog\link.command.1.tlog
c:\users\c00205464\desktop\catch up projects\entityx\ecs_example\debug\ecs_example.tlog\link.read.1.tlog
c:\users\c00205464\desktop\catch up projects\entityx\ecs_example\debug\ecs_example.tlog\link.write.1.tlog
