  LevelLoader.cpp
  CollisionBox.cpp
  BTMath.cpp
d:\github\labs-castbart\ecs_example\src\utils\btmath.cpp(23): warning C4244: '=': conversion from 'double' to 'float', possible loss of data
  RenderSystem.cpp
d:\github\labs-castbart\ecs_example\src\systems\rendersystem.cpp(29): warning C4244: 'argument': conversion from 'float' to 'int', possible loss of data
d:\github\labs-castbart\ecs_example\src\systems\rendersystem.cpp(61): warning C4244: 'argument': conversion from 'double' to 'float', possible loss of data
d:\github\labs-castbart\ecs_example\src\systems\rendersystem.cpp(65): warning C4244: 'argument': conversion from 'double' to 'float', possible loss of data
d:\github\labs-castbart\ecs_example\src\systems\rendersystem.cpp(78): warning C4244: 'argument': conversion from 'double' to 'float', possible loss of data
  PlayerControlSystem.cpp
  MovementSystem.cpp
d:\github\labs-castbart\ecs_example\src\systems\movementsystem.cpp(21): warning C4244: 'argument': conversion from 'double' to 'float', possible loss of data
  LevelSystem.cpp
  HUDSystem.cpp
  AiControlSystem.cpp
  ScreenSize.cpp
  ResourcePath.cpp
  PathPoint.cpp
  main.cpp
  KeyHandler.cpp
  GameManager.cpp
  Game.cpp
d:\github\labs-castbart\ecs_example\src\game.cpp(7): warning C4244: 'initializing': conversion from 'double' to 'sf::Int32', possible loss of data
  EntityCreator.cpp
d:\github\labs-castbart\ecs_example\include\entityx\entity.h(582): warning C4291: 'void *operator new(std::size_t,void *) throw()': no matching operator delete found; memory will not be freed if initialization throws an exception
  c:\program files (x86)\vc\include\vcruntime_new.h(86): note: see declaration of 'operator new'
  d:\github\labs-castbart\ecs_example\include\entityx\entity.h(866): note: see reference to function template instantiation 'entityx::ComponentHandle<Derived,entityx::EntityManager> entityx::EntityManager::assign<C,>(entityx::Entity::Id)' being compiled
          with
          [
              Derived=Position,
              C=Position
          ]
  d:\github\labs-castbart\ecs_example\src\entitycreator.cpp(12): note: see reference to function template instantiation 'entityx::ComponentHandle<Derived,entityx::EntityManager> entityx::Entity::assign<Position,>(void)' being compiled
          with
          [
              Derived=Position
          ]
d:\github\labs-castbart\ecs_example\include\entityx\entity.h(582): warning C4244: 'argument': conversion from 'int' to 'const float', possible loss of data
  d:\github\labs-castbart\ecs_example\include\entityx\entity.h(866): note: see reference to function template instantiation 'entityx::ComponentHandle<Derived,entityx::EntityManager> entityx::EntityManager::assign<C,_Ty>(entityx::Entity::Id,_Ty &&)' being compiled
          with
          [
              Derived=Motion,
              C=Motion,
              _Ty=int
          ]
  d:\github\labs-castbart\ecs_example\src\entitycreator.cpp(28): note: see reference to function template instantiation 'entityx::ComponentHandle<Derived,entityx::EntityManager> entityx::Entity::assign<Motion,int>(int &&)' being compiled
          with
          [
              Derived=Motion
          ]
  Wall.cpp
  Volume.cpp
  Turret.cpp
  Generating Code...
  Compiling...
  Tank.cpp
  Position.cpp
  PlayerControl.cpp
  Parent.cpp
  Motion.cpp
  Display.cpp
  Background.cpp
  Ai.cpp
  TankAi.cpp
d:\github\labs-castbart\ecs_example\src\ai\tankai.cpp(119): warning C4244: 'argument': conversion from 'double' to 'float', possible loss of data
  Generating Code...
  LINK : D:\GitHub\labs-CastBart\ECS_Example\Debug\ECS_Example.exe not found or not built by the last incremental link; performing full link
entityx-d.lib(System.obj) : warning LNK4099: PDB 'entityx.pdb' was not found with 'entityx-d.lib(System.obj)' or at 'D:\GitHub\labs-CastBart\ECS_Example\Debug\entityx.pdb'; linking object as if no debug info
entityx-d.lib(Event.obj) : warning LNK4099: PDB 'entityx.pdb' was not found with 'entityx-d.lib(Event.obj)' or at 'D:\GitHub\labs-CastBart\ECS_Example\Debug\entityx.pdb'; linking object as if no debug info
entityx-d.lib(Entity.obj) : warning LNK4099: PDB 'entityx.pdb' was not found with 'entityx-d.lib(Entity.obj)' or at 'D:\GitHub\labs-CastBart\ECS_Example\Debug\entityx.pdb'; linking object as if no debug info
entityx-d.lib(Pool.obj) : warning LNK4099: PDB 'entityx.pdb' was not found with 'entityx-d.lib(Pool.obj)' or at 'D:\GitHub\labs-CastBart\ECS_Example\Debug\entityx.pdb'; linking object as if no debug info
libyaml-cppmdd.lib(directives.obj) : warning LNK4099: PDB 'yaml-cpp static md.pdb' was not found with 'libyaml-cppmdd.lib(directives.obj)' or at 'D:\GitHub\labs-CastBart\ECS_Example\Debug\yaml-cpp static md.pdb'; linking object as if no debug info
libyaml-cppmdd.lib(exp.obj) : warning LNK4099: PDB 'yaml-cpp static md.pdb' was not found with 'libyaml-cppmdd.lib(exp.obj)' or at 'D:\GitHub\labs-CastBart\ECS_Example\Debug\yaml-cpp static md.pdb'; linking object as if no debug info
libyaml-cppmdd.lib(memory.obj) : warning LNK4099: PDB 'yaml-cpp static md.pdb' was not found with 'libyaml-cppmdd.lib(memory.obj)' or at 'D:\GitHub\labs-CastBart\ECS_Example\Debug\yaml-cpp static md.pdb'; linking object as if no debug info
libyaml-cppmdd.lib(nodebuilder.obj) : warning LNK4099: PDB 'yaml-cpp static md.pdb' was not found with 'libyaml-cppmdd.lib(nodebuilder.obj)' or at 'D:\GitHub\labs-CastBart\ECS_Example\Debug\yaml-cpp static md.pdb'; linking object as if no debug info
libyaml-cppmdd.lib(node_data.obj) : warning LNK4099: PDB 'yaml-cpp static md.pdb' was not found with 'libyaml-cppmdd.lib(node_data.obj)' or at 'D:\GitHub\labs-CastBart\ECS_Example\Debug\yaml-cpp static md.pdb'; linking object as if no debug info
libyaml-cppmdd.lib(null.obj) : warning LNK4099: PDB 'yaml-cpp static md.pdb' was not found with 'libyaml-cppmdd.lib(null.obj)' or at 'D:\GitHub\labs-CastBart\ECS_Example\Debug\yaml-cpp static md.pdb'; linking object as if no debug info
libyaml-cppmdd.lib(parse.obj) : warning LNK4099: PDB 'yaml-cpp static md.pdb' was not found with 'libyaml-cppmdd.lib(parse.obj)' or at 'D:\GitHub\labs-CastBart\ECS_Example\Debug\yaml-cpp static md.pdb'; linking object as if no debug info
libyaml-cppmdd.lib(parser.obj) : warning LNK4099: PDB 'yaml-cpp static md.pdb' was not found with 'libyaml-cppmdd.lib(parser.obj)' or at 'D:\GitHub\labs-CastBart\ECS_Example\Debug\yaml-cpp static md.pdb'; linking object as if no debug info
libyaml-cppmdd.lib(regex_yaml.obj) : warning LNK4099: PDB 'yaml-cpp static md.pdb' was not found with 'libyaml-cppmdd.lib(regex_yaml.obj)' or at 'D:\GitHub\labs-CastBart\ECS_Example\Debug\yaml-cpp static md.pdb'; linking object as if no debug info
libyaml-cppmdd.lib(scanner.obj) : warning LNK4099: PDB 'yaml-cpp static md.pdb' was not found with 'libyaml-cppmdd.lib(scanner.obj)' or at 'D:\GitHub\labs-CastBart\ECS_Example\Debug\yaml-cpp static md.pdb'; linking object as if no debug info
libyaml-cppmdd.lib(scanscalar.obj) : warning LNK4099: PDB 'yaml-cpp static md.pdb' was not found with 'libyaml-cppmdd.lib(scanscalar.obj)' or at 'D:\GitHub\labs-CastBart\ECS_Example\Debug\yaml-cpp static md.pdb'; linking object as if no debug info
libyaml-cppmdd.lib(scantag.obj) : warning LNK4099: PDB 'yaml-cpp static md.pdb' was not found with 'libyaml-cppmdd.lib(scantag.obj)' or at 'D:\GitHub\labs-CastBart\ECS_Example\Debug\yaml-cpp static md.pdb'; linking object as if no debug info
libyaml-cppmdd.lib(scantoken.obj) : warning LNK4099: PDB 'yaml-cpp static md.pdb' was not found with 'libyaml-cppmdd.lib(scantoken.obj)' or at 'D:\GitHub\labs-CastBart\ECS_Example\Debug\yaml-cpp static md.pdb'; linking object as if no debug info
libyaml-cppmdd.lib(simplekey.obj) : warning LNK4099: PDB 'yaml-cpp static md.pdb' was not found with 'libyaml-cppmdd.lib(simplekey.obj)' or at 'D:\GitHub\labs-CastBart\ECS_Example\Debug\yaml-cpp static md.pdb'; linking object as if no debug info
libyaml-cppmdd.lib(singledocparser.obj) : warning LNK4099: PDB 'yaml-cpp static md.pdb' was not found with 'libyaml-cppmdd.lib(singledocparser.obj)' or at 'D:\GitHub\labs-CastBart\ECS_Example\Debug\yaml-cpp static md.pdb'; linking object as if no debug info
libyaml-cppmdd.lib(stream.obj) : warning LNK4099: PDB 'yaml-cpp static md.pdb' was not found with 'libyaml-cppmdd.lib(stream.obj)' or at 'D:\GitHub\labs-CastBart\ECS_Example\Debug\yaml-cpp static md.pdb'; linking object as if no debug info
libyaml-cppmdd.lib(tag.obj) : warning LNK4099: PDB 'yaml-cpp static md.pdb' was not found with 'libyaml-cppmdd.lib(tag.obj)' or at 'D:\GitHub\labs-CastBart\ECS_Example\Debug\yaml-cpp static md.pdb'; linking object as if no debug info
  ECS_Example.vcxproj -> D:\GitHub\labs-CastBart\ECS_Example\Debug\ECS_Example.exe
  ECS_Example.vcxproj -> D:\GitHub\labs-CastBart\ECS_Example\Debug\ECS_Example.pdb (Partial PDB)
  D:\GitHub\labs-CastBart\ECS_Example\dlls\sfml-audio-2.dll
  D:\GitHub\labs-CastBart\ECS_Example\dlls\sfml-audio-d-2.dll
  D:\GitHub\labs-CastBart\ECS_Example\dlls\sfml-graphics-2.dll
  D:\GitHub\labs-CastBart\ECS_Example\dlls\sfml-graphics-d-2.dll
  D:\GitHub\labs-CastBart\ECS_Example\dlls\sfml-network-2.dll
  D:\GitHub\labs-CastBart\ECS_Example\dlls\sfml-network-d-2.dll
  D:\GitHub\labs-CastBart\ECS_Example\dlls\sfml-system-2.dll
  D:\GitHub\labs-CastBart\ECS_Example\dlls\sfml-system-d-2.dll
  D:\GitHub\labs-CastBart\ECS_Example\dlls\sfml-window-2.dll
  D:\GitHub\labs-CastBart\ECS_Example\dlls\sfml-window-d-2.dll
  D:\GitHub\labs-CastBart\ECS_Example\dlls\thor-d.dll
         11 file(s) copied.
